2020-06-26 17:07:37.942  INFO 76384 --- [main] lavalink.server.Launcher                 : 

[32m       .  [31m _                  _ _       _    [32m__ _ _
[32m      /\\ [31m| | __ ___   ____ _| (_)_ __ | | __[32m\ \ \ \
[32m     ( ( )[31m| |/ _` \ \ / / _` | | | '_ \| |/ /[32m \ \ \ \
[32m      \\/ [31m| | (_| |\ V / (_| | | | | | |   < [32m  ) ) ) )
[32m       '  [31m|_|\__,_| \_/ \__,_|_|_|_| |_|_|\_\[32m / / / /
[0m    =========================================[32m/_/_/_/[0m

	Version:        3.3.1
	Build:          997
	Build time:     25.03.2020 12:30:43 UTC
	Branch          master
	Commit:         29f68ba
	Commit time:    25.03.2020 12:28:48 UTC
	JVM:            13.0.2
	Lavaplayer      1.3.38

2020-06-26 17:07:38.363  INFO 76384 --- [main] o.s.boot.SpringApplication               : 
  .   ____          _            __ _ _
 /\\ / ___'_ __ _ _(_)_ __  __ _ \ \ \ \
( ( )\___ | '_ | '_| | '_ \/ _` | \ \ \ \
 \\/  ___)| |_)| | | | | || (_| |  ) ) ) )
  '  |____| .__|_| |_|_| |_\__, | / / / /
 =========|_|==============|___/=/_/_/_/
 :: Spring Boot ::        (v2.1.8.RELEASE)


2020-06-26 17:07:39.792  INFO 76384 --- [main] lavalink.server.Launcher                 : Starting Launcher on DESKTOP-KJF4M4H with PID 76384 (C:\Users\adamj\Documents\Projects\2PG\dist\lavalink\Lavalink.jar started by adamj in C:\Users\adamj\Documents\Projects\2PG\dist\lavalink)
2020-06-26 17:07:39.795  INFO 76384 --- [main] lavalink.server.Launcher                 : No active profile set, falling back to default profiles: default
2020-06-26 17:07:40.144  WARN 76384 --- [background-preinit] o.s.h.c.j.Jackson2ObjectMapperBuilder    : For Jackson Kotlin classes support please add "com.fasterxml.jackson.module:jackson-module-kotlin" to the classpath
2020-06-26 17:07:45.252  WARN 76384 --- [main] io.undertow.websockets.jsr               : UT026010: Buffer pool was not set on WebSocketDeploymentInfo, the default pool will be used
2020-06-26 17:07:45.536  INFO 76384 --- [main] io.undertow.servlet                      : Initializing Spring embedded WebApplicationContext
2020-06-26 17:07:45.537  INFO 76384 --- [main] o.s.web.context.ContextLoader            : Root WebApplicationContext: initialization completed in 5529 ms
2020-06-26 17:07:47.138  WARN 76384 --- [main] l.server.config.SentryConfiguration      : Turning off sentry
2020-06-26 17:07:47.184  INFO 76384 --- [main] l.s.c.AudioSendFactoryConfiguration      : OS: Windows 10, Arch: amd64
2020-06-26 17:07:47.185  INFO 76384 --- [main] l.s.c.AudioSendFactoryConfiguration      : JDA-NAS supported system detected. Enabled native audio sending.
2020-06-26 17:07:47.187  INFO 76384 --- [main] l.s.c.AudioSendFactoryConfiguration      : Setting buffer to 400ms
2020-06-26 17:07:47.188  INFO 76384 --- [main] l.s.c.AudioSendFactoryConfiguration      : Setting playlist load limit to 6
2020-06-26 17:07:47.535  INFO 76384 --- [main] c.s.d.l.tools.GarbageCollectionMonitor   : GC monitoring enabled, reporting results every 2 minutes.
2020-06-26 17:07:48.379  INFO 76384 --- [main] o.s.s.concurrent.ThreadPoolTaskExecutor  : Initializing ExecutorService 'applicationTaskExecutor'
2020-06-26 17:07:49.100  INFO 76384 --- [main] org.xnio                                 : XNIO version 3.3.8.Final
2020-06-26 17:07:49.296  INFO 76384 --- [main] org.xnio.nio                             : XNIO NIO Implementation Version 3.3.8.Final
2020-06-26 17:07:49.874  INFO 76384 --- [main] o.s.b.w.e.u.UndertowServletWebServer     : Undertow started on port(s) 2333 (http) with context path ''
2020-06-26 17:07:49.879  INFO 76384 --- [main] lavalink.server.Launcher                 : Started Launcher in 15.353 seconds (JVM running for 23.591)
2020-06-26 17:09:58.070  INFO 61328 --- [main] lavalink.server.Launcher                 : 

[32m       .  [31m _                  _ _       _    [32m__ _ _
[32m      /\\ [31m| | __ ___   ____ _| (_)_ __ | | __[32m\ \ \ \
[32m     ( ( )[31m| |/ _` \ \ / / _` | | | '_ \| |/ /[32m \ \ \ \
[32m      \\/ [31m| | (_| |\ V / (_| | | | | | |   < [32m  ) ) ) )
[32m       '  [31m|_|\__,_| \_/ \__,_|_|_|_| |_|_|\_\[32m / / / /
[0m    =========================================[32m/_/_/_/[0m

	Version:        3.3.1
	Build:          997
	Build time:     25.03.2020 12:30:43 UTC
	Branch          master
	Commit:         29f68ba
	Commit time:    25.03.2020 12:28:48 UTC
	JVM:            13.0.2
	Lavaplayer      1.3.38

2020-06-26 17:09:58.117  INFO 61328 --- [main] o.s.boot.SpringApplication               : 
  .   ____          _            __ _ _
 /\\ / ___'_ __ _ _(_)_ __  __ _ \ \ \ \
( ( )\___ | '_ | '_| | '_ \/ _` | \ \ \ \
 \\/  ___)| |_)| | | | | || (_| |  ) ) ) )
  '  |____| .__|_| |_|_| |_\__, | / / / /
 =========|_|==============|___/=/_/_/_/
 :: Spring Boot ::        (v2.1.8.RELEASE)


2020-06-26 17:09:58.238  INFO 61328 --- [main] lavalink.server.Launcher                 : Starting Launcher on DESKTOP-KJF4M4H with PID 61328 (C:\Users\adamj\Documents\Projects\2PG\dist\lavalink\Lavalink.jar started by adamj in C:\Users\adamj\Documents\Projects\2PG\dist\lavalink)
2020-06-26 17:09:58.239  INFO 61328 --- [main] lavalink.server.Launcher                 : No active profile set, falling back to default profiles: default
2020-06-26 17:09:58.305  WARN 61328 --- [background-preinit] o.s.h.c.j.Jackson2ObjectMapperBuilder    : For Jackson Kotlin classes support please add "com.fasterxml.jackson.module:jackson-module-kotlin" to the classpath
2020-06-26 17:09:59.990  WARN 61328 --- [main] io.undertow.websockets.jsr               : UT026010: Buffer pool was not set on WebSocketDeploymentInfo, the default pool will be used
2020-06-26 17:10:00.021  INFO 61328 --- [main] io.undertow.servlet                      : Initializing Spring embedded WebApplicationContext
2020-06-26 17:10:00.021  INFO 61328 --- [main] o.s.web.context.ContextLoader            : Root WebApplicationContext: initialization completed in 1730 ms
2020-06-26 17:10:00.386  WARN 61328 --- [main] l.server.config.SentryConfiguration      : Turning off sentry
2020-06-26 17:10:00.393  INFO 61328 --- [main] l.s.c.AudioSendFactoryConfiguration      : OS: Windows 10, Arch: amd64
2020-06-26 17:10:00.393  INFO 61328 --- [main] l.s.c.AudioSendFactoryConfiguration      : JDA-NAS supported system detected. Enabled native audio sending.
2020-06-26 17:10:00.394  INFO 61328 --- [main] l.s.c.AudioSendFactoryConfiguration      : Setting buffer to 400ms
2020-06-26 17:10:00.394  INFO 61328 --- [main] l.s.c.AudioSendFactoryConfiguration      : Setting playlist load limit to 6
2020-06-26 17:10:00.673  INFO 61328 --- [main] c.s.d.l.tools.GarbageCollectionMonitor   : GC monitoring enabled, reporting results every 2 minutes.
2020-06-26 17:10:01.349  INFO 61328 --- [main] o.s.s.concurrent.ThreadPoolTaskExecutor  : Initializing ExecutorService 'applicationTaskExecutor'
2020-06-26 17:10:01.729  INFO 61328 --- [main] org.xnio                                 : XNIO version 3.3.8.Final
2020-06-26 17:10:01.741  INFO 61328 --- [main] org.xnio.nio                             : XNIO NIO Implementation Version 3.3.8.Final
2020-06-26 17:10:02.563  INFO 61328 --- [main] ConditionEvaluationReportLoggingListener : 

Error starting ApplicationContext. To display the conditions report re-run your application with 'debug' enabled.
2020-06-26 17:10:02.569 ERROR 61328 --- [main] lavalink.server.Launcher                 : Application failed

org.springframework.boot.web.server.PortInUseException: Port 2333 is already in use
	at org.springframework.boot.web.embedded.undertow.UndertowServletWebServer.start(UndertowServletWebServer.java:154) ~[spring-boot-2.1.8.RELEASE.jar!/:2.1.8.RELEASE]
	at org.springframework.boot.web.servlet.context.ServletWebServerApplicationContext.startWebServer(ServletWebServerApplicationContext.java:297) ~[spring-boot-2.1.8.RELEASE.jar!/:2.1.8.RELEASE]
	at org.springframework.boot.web.servlet.context.ServletWebServerApplicationContext.finishRefresh(ServletWebServerApplicationContext.java:163) ~[spring-boot-2.1.8.RELEASE.jar!/:2.1.8.RELEASE]
	at org.springframework.context.support.AbstractApplicationContext.refresh(AbstractApplicationContext.java:552) ~[spring-context-5.1.9.RELEASE.jar!/:5.1.9.RELEASE]
	at org.springframework.boot.web.servlet.context.ServletWebServerApplicationContext.refresh(ServletWebServerApplicationContext.java:141) ~[spring-boot-2.1.8.RELEASE.jar!/:2.1.8.RELEASE]
	at org.springframework.boot.SpringApplication.refresh(SpringApplication.java:744) ~[spring-boot-2.1.8.RELEASE.jar!/:2.1.8.RELEASE]
	at org.springframework.boot.SpringApplication.refreshContext(SpringApplication.java:391) ~[spring-boot-2.1.8.RELEASE.jar!/:2.1.8.RELEASE]
	at org.springframework.boot.SpringApplication.run(SpringApplication.java:312) ~[spring-boot-2.1.8.RELEASE.jar!/:2.1.8.RELEASE]
	at lavalink.server.Launcher.main(Launcher.kt:127) ~[classes!/:na]
	at java.base/jdk.internal.reflect.NativeMethodAccessorImpl.invoke0(Native Method) ~[na:na]
	at java.base/jdk.internal.reflect.NativeMethodAccessorImpl.invoke(NativeMethodAccessorImpl.java:62) ~[na:na]
	at java.base/jdk.internal.reflect.DelegatingMethodAccessorImpl.invoke(DelegatingMethodAccessorImpl.java:43) ~[na:na]
	at java.base/java.lang.reflect.Method.invoke(Method.java:567) ~[na:na]
	at org.springframework.boot.loader.MainMethodRunner.run(MainMethodRunner.java:48) ~[Lavalink.jar:na]
	at org.springframework.boot.loader.Launcher.launch(Launcher.java:87) ~[Lavalink.jar:na]
	at org.springframework.boot.loader.Launcher.launch(Launcher.java:51) ~[Lavalink.jar:na]
	at org.springframework.boot.loader.JarLauncher.main(JarLauncher.java:52) ~[Lavalink.jar:na]

2020-06-26 17:10:02.571 ERROR 61328 --- [main] o.s.b.d.LoggingFailureAnalysisReporter   : 

***************************
APPLICATION FAILED TO START
***************************

Description:

Web server failed to start. Port 2333 was already in use.

Action:

Identify and stop the process that's listening on port 2333 or configure this application to listen on another port.

2020-06-26 17:10:02.576  INFO 61328 --- [main] o.s.s.concurrent.ThreadPoolTaskExecutor  : Shutting down ExecutorService 'applicationTaskExecutor'
2020-06-26 17:10:02.577  INFO 61328 --- [main] c.s.d.l.tools.GarbageCollectionMonitor   : GC monitoring disabled.
2020-06-26 17:12:29.730  INFO 76384 --- [Thread-1] o.s.s.concurrent.ThreadPoolTaskExecutor  : Shutting down ExecutorService 'applicationTaskExecutor'
2020-06-26 17:12:29.732  INFO 76384 --- [Thread-1] c.s.d.l.tools.GarbageCollectionMonitor   : GC monitoring disabled.
2020-06-26 17:12:33.866  INFO 31548 --- [main] lavalink.server.Launcher                 : 

[32m       .  [31m _                  _ _       _    [32m__ _ _
[32m      /\\ [31m| | __ ___   ____ _| (_)_ __ | | __[32m\ \ \ \
[32m     ( ( )[31m| |/ _` \ \ / / _` | | | '_ \| |/ /[32m \ \ \ \
[32m      \\/ [31m| | (_| |\ V / (_| | | | | | |   < [32m  ) ) ) )
[32m       '  [31m|_|\__,_| \_/ \__,_|_|_|_| |_|_|\_\[32m / / / /
[0m    =========================================[32m/_/_/_/[0m

	Version:        3.3.1
	Build:          997
	Build time:     25.03.2020 12:30:43 UTC
	Branch          master
	Commit:         29f68ba
	Commit time:    25.03.2020 12:28:48 UTC
	JVM:            13.0.2
	Lavaplayer      1.3.38

2020-06-26 17:12:33.916  INFO 31548 --- [main] o.s.boot.SpringApplication               : 
  .   ____          _            __ _ _
 /\\ / ___'_ __ _ _(_)_ __  __ _ \ \ \ \
( ( )\___ | '_ | '_| | '_ \/ _` | \ \ \ \
 \\/  ___)| |_)| | | | | || (_| |  ) ) ) )
  '  |____| .__|_| |_|_| |_\__, | / / / /
 =========|_|==============|___/=/_/_/_/
 :: Spring Boot ::        (v2.1.8.RELEASE)


2020-06-26 17:12:34.035  INFO 31548 --- [main] lavalink.server.Launcher                 : Starting Launcher on DESKTOP-KJF4M4H with PID 31548 (C:\Users\adamj\Documents\Projects\2PG\dist\lavalink\Lavalink.jar started by adamj in C:\Users\adamj\Documents\Projects\2PG\dist\lavalink)
2020-06-26 17:12:34.036  INFO 31548 --- [main] lavalink.server.Launcher                 : No active profile set, falling back to default profiles: default
2020-06-26 17:12:34.081  WARN 31548 --- [background-preinit] o.s.h.c.j.Jackson2ObjectMapperBuilder    : For Jackson Kotlin classes support please add "com.fasterxml.jackson.module:jackson-module-kotlin" to the classpath
2020-06-26 17:12:35.612  WARN 31548 --- [main] io.undertow.websockets.jsr               : UT026010: Buffer pool was not set on WebSocketDeploymentInfo, the default pool will be used
2020-06-26 17:12:35.639  INFO 31548 --- [main] io.undertow.servlet                      : Initializing Spring embedded WebApplicationContext
2020-06-26 17:12:35.639  INFO 31548 --- [main] o.s.web.context.ContextLoader            : Root WebApplicationContext: initialization completed in 1555 ms
2020-06-26 17:12:36.033  WARN 31548 --- [main] l.server.config.SentryConfiguration      : Turning off sentry
2020-06-26 17:12:36.041  INFO 31548 --- [main] l.s.c.AudioSendFactoryConfiguration      : OS: Windows 10, Arch: amd64
2020-06-26 17:12:36.041  INFO 31548 --- [main] l.s.c.AudioSendFactoryConfiguration      : JDA-NAS supported system detected. Enabled native audio sending.
2020-06-26 17:12:36.041  INFO 31548 --- [main] l.s.c.AudioSendFactoryConfiguration      : Setting buffer to 400ms
2020-06-26 17:12:36.041  INFO 31548 --- [main] l.s.c.AudioSendFactoryConfiguration      : Setting playlist load limit to 6
2020-06-26 17:12:36.309  INFO 31548 --- [main] c.s.d.l.tools.GarbageCollectionMonitor   : GC monitoring enabled, reporting results every 2 minutes.
2020-06-26 17:12:36.719  INFO 31548 --- [main] o.s.s.concurrent.ThreadPoolTaskExecutor  : Initializing ExecutorService 'applicationTaskExecutor'
2020-06-26 17:12:37.034  INFO 31548 --- [main] org.xnio                                 : XNIO version 3.3.8.Final
2020-06-26 17:12:37.044  INFO 31548 --- [main] org.xnio.nio                             : XNIO NIO Implementation Version 3.3.8.Final
2020-06-26 17:12:37.362  INFO 31548 --- [main] o.s.b.w.e.u.UndertowServletWebServer     : Undertow started on port(s) 2333 (http) with context path ''
2020-06-26 17:12:37.369  INFO 31548 --- [main] lavalink.server.Launcher                 : Started Launcher in 4.017 seconds (JVM running for 4.469)
